#
# There is insufficient memory for the Java Runtime Environment to continue.
# Native memory allocation (mmap) failed to map 266338304 bytes. Error detail: G1 virtual space
# Possible reasons:
#   The system is out of physical RAM or swap space
#   This process is running with CompressedOops enabled, and the Java Heap may be blocking the growth of the native heap
# Possible solutions:
#   Reduce memory load on the system
#   Increase physical memory or swap space
#   Check if swap backing store is full
#   Decrease Java heap size (-Xmx/-Xms)
#   Decrease number of Java threads
#   Decrease Java thread stack sizes (-Xss)
#   Set larger code cache with -XX:ReservedCodeCacheSize=
#   JVM is running with Zero Based Compressed Oops mode in which the Java heap is
#     placed in the first 32GB address space. The Java Heap base address is the
#     maximum limit for the native heap growth. Please use -XX:HeapBaseMinAddress
#     to set the Java Heap base and to place the Java Heap above 32GB virtual address.
# This output file may be truncated or incomplete.
#
#  Out of Memory Error (os_windows.cpp:3825), pid=22896, tid=22404
#
# JRE version:  (17.0.11) (build )
# Java VM: OpenJDK 64-Bit Server VM (17.0.11+0--11852314, mixed mode, sharing, tiered, compressed oops, compressed class ptrs, g1 gc, windows-amd64)
# No core dump will be written. Minidumps are not enabled by default on client versions of Windows
#

---------------  S U M M A R Y ------------

Command Line: git4idea.http.GitAskPassApp Username for 'https://github.com': 

Host: Intel(R) Core(TM) i7-9750H CPU @ 2.60GHz, 12 cores, 15G,  Windows 11 , 64 bit Build 22621 (10.0.22621.3958)
Time: Wed Aug  7 09:35:56 2024 Hora oficial do Brasil elapsed time: 0.009797 seconds (0d 0h 0m 0s)

---------------  T H R E A D  ---------------

Current thread (0x00000144d0f0d830):  JavaThread "Unknown thread" [_thread_in_vm, id=22404, stack(0x0000000100600000,0x0000000100700000)]

Stack: [0x0000000100600000,0x0000000100700000]
Native frames: (J=compiled Java code, j=interpreted, Vv=VM code, C=native code)
V  [jvm.dll+0x687bb9]
V  [jvm.dll+0x84142a]
V  [jvm.dll+0x8430ae]
V  [jvm.dll+0x843713]
V  [jvm.dll+0x24a35f]
V  [jvm.dll+0x684989]
V  [jvm.dll+0x67923a]
V  [jvm.dll+0x30af0b]
V  [jvm.dll+0x3123b6]
V  [jvm.dll+0x361dfe]
V  [jvm.dll+0x36202f]
V  [jvm.dll+0x2e0d38]
V  [jvm.dll+0x2e1ca4]
V  [jvm.dll+0x811f21]
V  [jvm.dll+0x36fb68]
V  [jvm.dll+0x7f0896]
V  [jvm.dll+0x3f3d2f]
V  [jvm.dll+0x3f58e1]
C  [jli.dll+0x528f]
C  [ucrtbase.dll+0x29333]
C  [KERNEL32.DLL+0x1257d]
C  [ntdll.dll+0x5af28]


---------------  P R O C E S S  ---------------

Threads class SMR info:
_java_thread_list=0x00007ffe01abefd8, length=0, elements={
}

Java Threads: ( => current thread )

Other Threads:
  0x00000144d0f787a0 GCTaskThread "GC Thread#0" [stack: 0x0000000100700000,0x0000000100800000] [id=13528]
  0x00000144d0f89400 ConcurrentGCThread "G1 Main Marker" [stack: 0x0000000100800000,0x0000000100900000] [id=25208]
  0x00000144d0f8a5c0 ConcurrentGCThread "G1 Conc#0" [stack: 0x0000000100900000,0x0000000100a00000] [id=21288]

[error occurred during error reporting (printing all threads), id 0xc0000005, EXCEPTION_ACCESS_VIOLATION (0xc0000005) at pc=0x00007ffe01271907]

VM state: not at safepoint (not fully initialized)

VM Mutex/Monitor currently owned by a thread:  ([mutex/lock_event])
[0x00000144d0f09870] Heap_lock - owner thread: 0x00000144d0f0d830

Heap address: 0x0000000702e00000, size: 4050 MB, Compressed Oops mode: Zero based, Oop shift amount: 3

CDS archive(s) mapped at: [0x0000000000000000-0x0000000000000000-0x0000000000000000), size 0, SharedBaseAddress: 0x0000000800000000, ArchiveRelocationMode: 1.
Narrow klass base: 0x0000000000000000, Narrow klass shift: 0, Narrow klass range: 0x0

GC Precious Log:
<Empty>

Heap:
 garbage-first heap   total 0K, used 0K [0x0000000702e00000, 0x0000000800000000)
  region size 2048K, 0 young (0K), 0 survivors (0K)
 Metaspace       used 0K, committed 0K, reserved 0K
  class space    used 0K, committed 0K, reserved 0K

Heap Regions: E=young(eden), S=young(survivor), O=old, HS=humongous(starts), HC=humongous(continues), CS=collection set, F=free, OA=open archive, CA=closed archive, TAMS=top-at-mark-start (previous, next)

Card table byte_map: [0x00000144e4120000,0x00000144e4910000] _byte_map_base: 0x00000144e0909000

Marking Bits (Prev, Next): (CMBitMap*) 0x00000144d0f78dc0, (CMBitMap*) 0x00000144d0f78e00
 Prev Bits: [0x00000144e5100000, 0x00000144e9048000)
 Next Bits: [0x00000144e9050000, 0x00000144ecf98000)

GC Heap History (0 events):
No events

Dll operation events (1 events):
Event: 0.005 Loaded shared library C:\Program Files\Android\Android Studio\jbr\bin\java.dll

Deoptimization events (0 events):
No events

Classes unloaded (0 events):
No events

Classes redefined (0 events):
No events

Internal exceptions (0 events):
No events

VM Operations (0 events):
No events

Events (0 events):
No events


Dynamic libraries:
0x00007ff677650000 - 0x00007ff67765a000 	C:\Program Files\Android\Android Studio\jbr\bin\java.exe
0x00007ffeb1bb0000 - 0x00007ffeb1dc7000 	C:\WINDOWS\SYSTEM32\ntdll.dll
0x00007ffeb0e00000 - 0x00007ffeb0ec4000 	C:\WINDOWS\System32\KERNEL32.DLL
0x00007ffeaf220000 - 0x00007ffeaf5cd000 	C:\WINDOWS\System32\KERNELBASE.dll
0x00007ffeaf7c0000 - 0x00007ffeaf8d1000 	C:\WINDOWS\System32\ucrtbase.dll
0x00007ffe7d2a0000 - 0x00007ffe7d2b7000 	C:\Program Files\Android\Android Studio\jbr\bin\jli.dll
0x00007ffe85b50000 - 0x00007ffe85b6b000 	C:\Program Files\Android\Android Studio\jbr\bin\VCRUNTIME140.dll
0x00007ffeb1420000 - 0x00007ffeb15ce000 	C:\WINDOWS\System32\USER32.dll
0x00007ffe8ef30000 - 0x00007ffe8f1c3000 	C:\WINDOWS\WinSxS\amd64_microsoft.windows.common-controls_6595b64144ccf1df_6.0.22621.3672_none_2713b9d173822955\COMCTL32.dll
0x00007ffeaefa0000 - 0x00007ffeaefc6000 	C:\WINDOWS\System32\win32u.dll
0x00007ffeb16d0000 - 0x00007ffeb1777000 	C:\WINDOWS\System32\msvcrt.dll
0x00007ffeaf8e0000 - 0x00007ffeaf909000 	C:\WINDOWS\System32\GDI32.dll
0x00007ffeaf090000 - 0x00007ffeaf1a9000 	C:\WINDOWS\System32\gdi32full.dll
0x00007ffeaef00000 - 0x00007ffeaef9a000 	C:\WINDOWS\System32\msvcp_win.dll
0x00007ffeb0db0000 - 0x00007ffeb0de1000 	C:\WINDOWS\System32\IMM32.DLL
0x00007ffea9fe0000 - 0x00007ffea9fec000 	C:\Program Files\Android\Android Studio\jbr\bin\vcruntime140_1.dll
0x00007ffe60f30000 - 0x00007ffe60fbd000 	C:\Program Files\Android\Android Studio\jbr\bin\msvcp140.dll
0x00007ffe00f80000 - 0x00007ffe01c03000 	C:\Program Files\Android\Android Studio\jbr\bin\server\jvm.dll
0x00007ffeb1890000 - 0x00007ffeb1942000 	C:\WINDOWS\System32\ADVAPI32.dll
0x00007ffeb0880000 - 0x00007ffeb0929000 	C:\WINDOWS\System32\sechost.dll
0x00007ffeaeed0000 - 0x00007ffeaeef8000 	C:\WINDOWS\System32\bcrypt.dll
0x00007ffeb1300000 - 0x00007ffeb1414000 	C:\WINDOWS\System32\RPCRT4.dll
0x00007ffeadd20000 - 0x00007ffeadd6d000 	C:\WINDOWS\SYSTEM32\POWRPROF.dll
0x00007ffea8d80000 - 0x00007ffea8d89000 	C:\WINDOWS\SYSTEM32\WSOCK32.dll
0x00007ffea8b40000 - 0x00007ffea8b74000 	C:\WINDOWS\SYSTEM32\WINMM.dll
0x00007ffea7ba0000 - 0x00007ffea7baa000 	C:\WINDOWS\SYSTEM32\VERSION.dll
0x00007ffeb15f0000 - 0x00007ffeb1661000 	C:\WINDOWS\System32\WS2_32.dll
0x00007ffeadd00000 - 0x00007ffeadd13000 	C:\WINDOWS\SYSTEM32\UMPDC.dll
0x00007ffeadfb0000 - 0x00007ffeadfc8000 	C:\WINDOWS\SYSTEM32\kernel.appcore.dll
0x00007ffea8370000 - 0x00007ffea837a000 	C:\Program Files\Android\Android Studio\jbr\bin\jimage.dll
0x00007ffeac470000 - 0x00007ffeac6a2000 	C:\WINDOWS\SYSTEM32\DBGHELP.DLL
0x00007ffeb0930000 - 0x00007ffeb0cbd000 	C:\WINDOWS\System32\combase.dll
0x00007ffeb17b0000 - 0x00007ffeb1887000 	C:\WINDOWS\System32\OLEAUT32.dll
0x00007ffea5940000 - 0x00007ffea5972000 	C:\WINDOWS\SYSTEM32\dbgcore.DLL
0x00007ffeaf740000 - 0x00007ffeaf7bb000 	C:\WINDOWS\System32\bcryptPrimitives.dll
0x00007ffe7b4a0000 - 0x00007ffe7b4c5000 	C:\Program Files\Android\Android Studio\jbr\bin\java.dll

dbghelp: loaded successfully - version: 4.0.5 - missing functions: none
symbol engine: initialized successfully - sym options: 0x614 - pdb path: .;C:\Program Files\Android\Android Studio\jbr\bin;C:\WINDOWS\SYSTEM32;C:\WINDOWS\WinSxS\amd64_microsoft.windows.common-controls_6595b64144ccf1df_6.0.22621.3672_none_2713b9d173822955;C:\Program Files\Android\Android Studio\jbr\bin\server

VM Arguments:
java_command: git4idea.http.GitAskPassApp Username for 'https://github.com': 
java_class_path (initial): C:/Program Files/Android/Android Studio/plugins/vcs-git/lib/git4idea-rt.jar;C:/Program Files/Android/Android Studio/lib/externalProcess-rt.jar
Launcher Type: SUN_STANDARD

[Global flags]
     intx CICompilerCount                          = 4                                         {product} {ergonomic}
     uint ConcGCThreads                            = 3                                         {product} {ergonomic}
     uint G1ConcRefinementThreads                  = 10                                        {product} {ergonomic}
   size_t G1HeapRegionSize                         = 2097152                                   {product} {ergonomic}
    uintx GCDrainStackTargetSize                   = 64                                        {product} {ergonomic}
   size_t InitialHeapSize                          = 266338304                                 {product} {ergonomic}
   size_t MarkStackSize                            = 4194304                                   {product} {ergonomic}
   size_t MaxHeapSize                              = 4246732800                                {product} {ergonomic}
   size_t MinHeapDeltaBytes                        = 2097152                                   {product} {ergonomic}
   size_t MinHeapSize                              = 8388608                                   {product} {ergonomic}
    uintx NonNMethodCodeHeapSize                   = 5839372                                {pd product} {ergonomic}
    uintx NonProfiledCodeHeapSize                  = 122909434                              {pd product} {ergonomic}
    uintx ProfiledCodeHeapSize                     = 122909434                              {pd product} {ergonomic}
    uintx ReservedCodeCacheSize                    = 251658240                              {pd product} {ergonomic}
     bool SegmentedCodeCache                       = true                                      {product} {ergonomic}
   size_t SoftMaxHeapSize                          = 4246732800                             {manageable} {ergonomic}
     bool UseCompressedClassPointers               = true                           {product lp64_product} {ergonomic}
     bool UseCompressedOops                        = true                           {product lp64_product} {ergonomic}
     bool UseG1GC                                  = true                                      {product} {ergonomic}
     bool UseLargePagesIndividualAllocation        = false                                  {pd product} {ergonomic}

Logging:
Log output configuration:
 #0: stdout all=warning uptime,level,tags
 #1: stderr all=off uptime,level,tags

Environment Variables:
JAVA_HOME=C:\Program Files\Java\jdk-20
PATH=C:\Program Files\Git\mingw64\libexec\git-core;C:\Program Files\Git\mingw64\libexec\git-core;C:\Program Files\Git\mingw64\bin;C:\Program Files\Git\usr\bin;C:\Users\rodri\bin;C:\Program Files\Common Files\Oracle\Java\javapath;C:\Windows\system32;C:\Windows;C:\Windows\System32\Wbem;C:\Windows\System32\WindowsPowerShell\v1.0;C:\Windows\System32\OpenSSH;C:\Program Files (x86)\NVIDIA Corporation\PhysX\Common;C:\Program Files\NVIDIA Corporation\NVIDIA NvDLISR;C:\WINDOWS\system32;C:\WINDOWS;C:\WINDOWS\System32\Wbem;C:\WINDOWS\System32\WindowsPowerShell\v1.0;C:\WINDOWS\System32\OpenSSH;C:\Program Files\Java\jdk-20\bin;C:\Program Files\Maven\apache-maven-3.6.3\bin;C:\dev\flutter\bin;C:\ProgramData\chocolatey\bin;C:\Program Files\nodejs;C:\Program Files\Git\cmd;C:\Program Files\Git\mingw64\bin;C:\Program Files\Git\usr\bin;C:\Program Files\dotnet;C:\Users\rodri\AppData\Local\Microsoft\WindowsApps;C:\Program Files\Java\jdk-11.0.10;C:\Program Files\Maven\apache-maven-3.6.3;C:\dev\flutter;C:\tools\dart-sdk\bin;C:\Users\rodri\AppData\Roaming\Pub\Cache\bin;C:\Users\rodri\AppData\Roaming\npm;C:\Users\rodri\AppData\Local\Programs\Microsoft VS Code\bin;C:\Users\rodri\AppData\Local\Pub\Cache\bin
USERNAME=rodri
DISPLAY=:0.0
LC_ALL=en_US.UTF-8
TERM=xterm-256color
TMPDIR=C:\Users\rodri\AppData\Local\Temp
OS=Windows_NT
PROCESSOR_IDENTIFIER=Intel64 Family 6 Model 158 Stepping 10, GenuineIntel
TMP=C:\Users\rodri\AppData\Local\Temp
TEMP=C:\Users\rodri\AppData\Local\Temp



Periodic native trim disabled

JNI global refs:
JNI global refs: 0, weak refs: 0

JNI global refs memory usage: 0, weak refs: 0

Process memory usage:
Resident Set Size: 11804K (0% of 16585048K total physical memory with 3225348K free physical memory)

OOME stack traces (most recent first):
Classloader memory used:


---------------  S Y S T E M  ---------------

OS:
 Windows 11 , 64 bit Build 22621 (10.0.22621.3958)
OS uptime: 7 days 5:29 hours
Hyper-V role detected

CPU: total 12 (initial active 12) (6 cores per cpu, 2 threads per core) family 6 model 158 stepping 10 microcode 0xf0, cx8, cmov, fxsr, ht, mmx, 3dnowpref, sse, sse2, sse3, ssse3, sse4.1, sse4.2, popcnt, lzcnt, tsc, tscinvbit, avx, avx2, aes, erms, clmul, bmi1, bmi2, adx, fma, vzeroupper, clflush, clflushopt, hv
Processor Information for all 12 processors :
  Max Mhz: 2592, Current Mhz: 2592, Mhz Limit: 2592

Memory: 4k page, system-wide physical 16196M (3149M free)
TotalPageFile size 42668M (AvailPageFile size 196M)
current process WorkingSet (physical memory assigned to process): 11M, peak: 11M
current process commit charge ("private bytes"): 64M, peak: 318M

vm_info: OpenJDK 64-Bit Server VM (17.0.11+0--11852314) for windows-amd64 JRE (17.0.11+0--11852314), built on May 16 2024 21:29:20 by "androidbuild" with MS VC++ 16.10 / 16.11 (VS2019)

END.
